生成启动时间为 2017/3/10 11:22:43。
     1>项目“E:\lua53\lua\lua.vcxproj”在节点 2 上(build 个目标)。
     1>InitializeBuildStatus:
         正在创建“Debug\lua.unsuccessfulbuild”，因为已指定“AlwaysCreate”。
       ClCompile:
         所有输出均为最新。
       ManifestResourceCompile:
         所有输出均为最新。
       Link:
         所有输出均为最新。
         D:\Program Files (x86)\Microsoft Visual Studio 10.0\VC\bin\link.exe /ERRORREPORT:PROMPT /OUT:"E:\lua53\Debug\lua.exe" /INCREMENTAL /NOLOGO /LIBPATH:E:\lua53\Debug\ lua53.lib kernel32.lib user32.lib gdi32.lib winspool.lib comdlg32.lib advapi32.lib shell32.lib ole32.lib oleaut32.lib uuid.lib odbc32.lib odbccp32.lib /MANIFEST /ManifestFile:"Debug\lua.exe.intermediate.manifest" /MANIFESTUAC:"level='asInvoker' uiAccess='false'" /DEBUG /PDB:"E:\lua53\Debug\lua.pdb" /SUBSYSTEM:CONSOLE /TLBID:1 /DYNAMICBASE /NXCOMPAT /IMPLIB:"E:\lua53\Debug\lua.lib" /MACHINE:X86 Debug\lua.exe.embed.manifest.res
         Debug\lua.obj
       Manifest:
         C:\Program Files (x86)\Microsoft SDKs\Windows\v7.0A\bin\mt.exe /nologo /verbose /out:"Debug\lua.exe.embed.manifest" /manifest Debug\lua.exe.intermediate.manifest
         所有输出均为最新。
       LinkEmbedManifest:
         所有输出均为最新。
         lua.vcxproj -> E:\lua53\Debug\lua.exe
       FinalizeBuildStatus:
         正在删除文件“Debug\lua.unsuccessfulbuild”。
         正在对“Debug\lua.lastbuildstate”执行 Touch 任务。
     1>已完成生成项目“E:\lua53\lua\lua.vcxproj”(build 个目标)的操作。

生成成功。

已用时间 00:00:00.38
