生成启动时间为 2017/3/14 16:05:06。
     1>项目“E:\lua53\luac\luac.vcxproj”在节点 2 上(build 个目标)。
     1>InitializeBuildStatus:
         正在创建“Release\luac.unsuccessfulbuild”，因为已指定“AlwaysCreate”。
       ClCompile:
         D:\Program Files (x86)\Microsoft Visual Studio 10.0\VC\bin\CL.exe /c /I..\lua53\src /Zi /nologo /W3 /WX- /O2 /Oi /Oy- /GL /D WIN32 /D NDEBUG /D _CONSOLE /D _UNICODE /D UNICODE /Gm- /EHsc /MD /GS /Gy /fp:precise /Zc:wchar_t /Zc:forScope /Fo"Release\\" /Fd"Release\vc100.pdb" /Gd /TC /analyze- /errorReport:prompt "C:\Users\wei\Downloads\lua-5.3.4\src\luac.c"
         luac.c
       Link:
         D:\Program Files (x86)\Microsoft Visual Studio 10.0\VC\bin\link.exe /ERRORREPORT:PROMPT /OUT:"E:\lua53\Release\luac.exe" /INCREMENTAL:NO /NOLOGO /LIBPATH:E:\lua53\Release\ lua53.lib kernel32.lib user32.lib gdi32.lib winspool.lib comdlg32.lib advapi32.lib shell32.lib ole32.lib oleaut32.lib uuid.lib odbc32.lib odbccp32.lib /MANIFEST /ManifestFile:"Release\luac.exe.intermediate.manifest" /MANIFESTUAC:"level='asInvoker' uiAccess='false'" /DEBUG /PDB:"E:\lua53\Release\luac.pdb" /SUBSYSTEM:CONSOLE /OPT:REF /OPT:ICF /LTCG /TLBID:1 /DYNAMICBASE /NXCOMPAT /IMPLIB:"E:\lua53\Release\luac.lib" /MACHINE:X86 Release\luac.obj
         正在生成代码
         已完成代码的生成
         luac.vcxproj -> E:\lua53\Release\luac.exe
       Manifest:
         C:\Program Files (x86)\Microsoft SDKs\Windows\v7.0A\bin\mt.exe /nologo /verbose /outputresource:"E:\lua53\Release\luac.exe;#1" /manifest Release\luac.exe.intermediate.manifest
       FinalizeBuildStatus:
         正在删除文件“Release\luac.unsuccessfulbuild”。
         正在对“Release\luac.lastbuildstate”执行 Touch 任务。
     1>已完成生成项目“E:\lua53\luac\luac.vcxproj”(build 个目标)的操作。

生成成功。

已用时间 00:00:02.26
